<?xml version="1.0" encoding="utf-8"?><testsuites name="pytest tests"><testsuite name="pytest" errors="0" failures="0" skipped="0" tests="64" time="5.138" timestamp="2026-09-20T23:21:03.307351+09:00" hostname="DESKTOP-LP27LTC"><testcase classname="tests.unit.test_trimem_skhynix_scale_health" name="test_cold_preparation_and_public_learning_counts_are_not_promotions" time="0.073" /><testcase classname="tests.unit.test_trimem_skhynix_scale_health" name="test_block_is_explicit_and_reason_and_private_fields_are_never_emitted" time="0.067" /><testcase classname="tests.unit.test_trimem_skhynix_scale_health" name="test_old_pipeline_snapshot_with_fresh_broker_is_progressing" time="0.050" /><testcase classname="tests.unit.test_trimem_skhynix_scale_health" name="test_broker_pending_is_distinct_from_active[1-ADMITTED-ACTION_PENDING]" time="0.052" /><testcase classname="tests.unit.test_trimem_skhynix_scale_health" name="test_broker_pending_is_distinct_from_active[0-ISSUED-UNKNOWN]" time="0.053" /><testcase classname="tests.unit.test_trimem_skhynix_scale_health" name="test_broker_pending_is_distinct_from_active[0-REVOKED-UNKNOWN]" time="0.050" /><testcase classname="tests.unit.test_trimem_skhynix_scale_health" name="test_submitted_and_official_counts_are_separate_from_workflow_completion" time="0.067" /><testcase classname="tests.unit.test_trimem_skhynix_scale_health" name="test_terminal_status_not_inferred_from_source_counts[PIPELINE_COMPLETE-COMPLETE]" time="0.040" /><testcase classname="tests.unit.test_trimem_skhynix_scale_health" name="test_terminal_status_not_inferred_from_source_counts[PIPELINE_COMPLETE_WITH_UNDETERMINED-COMPLETE_WITH_UNDETERMINED]" time="0.035" /><testcase classname="tests.unit.test_trimem_skhynix_scale_health" name="test_terminal_status_not_inferred_from_source_counts[NO_READY_MEMORY_BANK-NOT_READY]" time="0.039" /><testcase classname="tests.unit.test_trimem_skhynix_scale_health" name="test_completed_with_undetermined_preserves_terminal_event_and_unscored_counts" time="0.148" /><testcase classname="tests.unit.test_trimem_skhynix_scale_health" name="test_stale_preflight_warns_without_declaring_process_dead" time="0.035" /><testcase classname="tests.unit.test_trimem_skhynix_scale_health" name="test_missing_or_malformed_active_state_fails_to_warning_without_payload[missing]" time="0.039" /><testcase classname="tests.unit.test_trimem_skhynix_scale_health" name="test_missing_or_malformed_active_state_fails_to_warning_without_payload[malformed]" time="0.048" /><testcase classname="tests.unit.test_trimem_skhynix_scale_health" name="test_missing_or_malformed_active_state_fails_to_warning_without_payload[unknown]" time="0.051" /><testcase classname="tests.unit.test_trimem_skhynix_scale_health" name="test_tail_uses_numeric_order_and_retries_append_race" time="0.017" /><testcase classname="tests.unit.test_trimem_skhynix_scale_health" name="test_atomic_replacement_retry_and_bounded_failure" time="0.009" /><testcase classname="tests.unit.test_trimem_skhynix_scale_health" name="test_malformed_config_and_event_values_are_safe" time="0.047" /><testcase classname="tests.unit.test_trimem_skhynix_scale_health" name="test_idle_configuration_becomes_stale_and_limits_are_checked" time="0.028" /><testcase classname="tests.unit.test_trimem_skhynix_scale_health" name="test_evaluation_broker_activity_prevents_false_stale_warning" time="0.044" /><testcase classname="tests.unit.test_trimem_skhynix_scale_health" name="test_probe_ignores_unscoped_cohort_path_and_unknown_error_contents" time="0.049" /><testcase classname="tests.unit.test_trimem_skhynix_scale_health" name="test_invalid_database_reports_unknown_counts_instead_of_zero" time="0.035" /><testcase classname="tests.unit.test_trimem_skhynix_scale_health" name="test_actual_raw_broker_handoff_and_admission_states_are_normal[WAITING_HANDOFF-workers0-None-AWAITING_WORKER]" time="0.054" /><testcase classname="tests.unit.test_trimem_skhynix_scale_health" name="test_actual_raw_broker_handoff_and_admission_states_are_normal[WAITING_HANDOFF-workers1-None-AWAITING_WORKER]" time="0.044" /><testcase classname="tests.unit.test_trimem_skhynix_scale_health" name="test_actual_raw_broker_handoff_and_admission_states_are_normal[WAITING_ADMISSION-workers2-next-AWAITING_ADMISSION]" time="0.050" /><testcase classname="tests.unit.test_trimem_skhynix_scale_health" name="test_actual_terminated_broker_warns_without_claiming_process_death" time="0.043" /><testcase classname="tests.unit.test_trimem_skhynix_scale_health" name="test_running_without_current_admitted_worker_is_unknown[0]" time="0.042" /><testcase classname="tests.unit.test_trimem_skhynix_scale_health" name="test_running_without_current_admitted_worker_is_unknown[1]" time="0.043" /><testcase classname="tests.unit.test_trimem_skhynix_scale_health" name="test_local_bank_not_ready_does_not_mean_global_terminal_not_ready" time="0.039" /><testcase classname="tests.unit.test_trimem_skhynix_scale_health" name="test_hash_bound_continuation_reads_only_retained_baseline_and_original_learning" time="0.096" /><testcase classname="tests.unit.test_trimem_skhynix_scale_health" name="test_continuation_tampered_reference_never_redirects[amendment_path]" time="0.088" /><testcase classname="tests.unit.test_trimem_skhynix_scale_health" name="test_continuation_tampered_reference_never_redirects[previous_path]" time="0.079" /><testcase classname="tests.unit.test_trimem_skhynix_scale_health" name="test_continuation_tampered_reference_never_redirects[manifest_path]" time="0.100" /><testcase classname="tests.unit.test_trimem_skhynix_scale_health" name="test_continuation_tampered_reference_never_redirects[tail_path]" time="0.103" /><testcase classname="tests.unit.test_trimem_skhynix_scale_health" name="test_continuation_rejects_hash_valid_wrong_authority[policy]" time="0.091" /><testcase classname="tests.unit.test_trimem_skhynix_scale_health" name="test_continuation_rejects_hash_valid_wrong_authority[schema]" time="0.091" /><testcase classname="tests.unit.test_trimem_skhynix_scale_health" name="test_continuation_rejects_hash_valid_wrong_authority[manifest_path]" time="0.099" /><testcase classname="tests.unit.test_trimem_skhynix_scale_health" name="test_continuation_rejects_hash_valid_wrong_authority[tail_path]" time="0.096" /><testcase classname="tests.unit.test_trimem_skhynix_scale_health" name="test_continuation_rejects_hash_valid_wrong_authority[previous_root]" time="0.105" /><testcase classname="tests.unit.test_trimem_skhynix_scale_health" name="test_continuation_rejects_hash_valid_wrong_authority[previous_reference]" time="0.081" /><testcase classname="tests.unit.test_trimem_skhynix_scale_health" name="test_continuation_does_not_inspect_unrelated_previous_cohort" time="0.098" /><testcase classname="tests.unit.test_trimem_skhynix_scale_health" name="test_continuation_keeps_normal_new_root_evaluation_and_old_learning[development-PDF_MEMORY]" time="0.101" /><testcase classname="tests.unit.test_trimem_skhynix_scale_health" name="test_continuation_keeps_normal_new_root_evaluation_and_old_learning[final-BASELINE]" time="0.118" /><testcase classname="tests.unit.test_trimem_skhynix_scale_health" name="test_continuation_learning_fallback_requires_identical_stage_execution" time="0.099" /><testcase classname="tests.unit.test_trimem_skhynix_scale_health" name="test_continuation_respects_explicit_learning_roots" time="0.105" /><testcase classname="tests.unit.test_trimem_skhynix_scale_health" name="test_old_pipeline_schema_cannot_enable_historical_redirect" time="0.091" /><testcase classname="tests.unit.test_trimem_skhynix_scale_health" name="test_evaluation_hold_requires_exact_public_identity_and_unscored_status[schema-other]" time="0.117" /><testcase classname="tests.unit.test_trimem_skhynix_scale_health" name="test_evaluation_hold_requires_exact_public_identity_and_unscored_status[policy-other]" time="0.106" /><testcase classname="tests.unit.test_trimem_skhynix_scale_health" name="test_evaluation_hold_requires_exact_public_identity_and_unscored_status[official-True]" time="0.115" /><testcase classname="tests.unit.test_trimem_skhynix_scale_health" name="test_evaluation_hold_requires_exact_public_identity_and_unscored_status[resolved-False]" time="0.116" /><testcase classname="tests.unit.test_trimem_skhynix_scale_health" name="test_evaluation_hold_requires_exact_public_identity_and_unscored_status[grader_status-success]" time="0.102" /><testcase classname="tests.unit.test_trimem_skhynix_scale_health" name="test_evaluation_hold_requires_exact_public_identity_and_unscored_status[phase-TRAINING]" time="0.096" /><testcase classname="tests.unit.test_trimem_skhynix_scale_health" name="test_evaluation_hold_requires_exact_public_identity_and_unscored_status[task_id-swebench--example__project-99]" time="0.117" /><testcase classname="tests.unit.test_trimem_skhynix_scale_health" name="test_evaluation_hold_requires_exact_public_identity_and_unscored_status[arm-PDF_MEMORY]" time="0.103" /><testcase classname="tests.unit.test_trimem_skhynix_scale_health" name="test_evaluation_hold_requires_exact_public_identity_and_unscored_status[amendment_reference-value8]" time="0.099" /><testcase classname="tests.unit.test_trimem_skhynix_scale_health" name="test_evaluation_hold_requires_exact_public_identity_and_unscored_status[experiment_reference-value9]" time="0.109" /><testcase classname="tests.unit.test_trimem_skhynix_scale_health" name="test_evaluation_hold_reference_and_filename_tamper_is_not_counted[cohort_hash]" time="0.124" /><testcase classname="tests.unit.test_trimem_skhynix_scale_health" name="test_evaluation_hold_reference_and_filename_tamper_is_not_counted[error_hash]" time="0.121" /><testcase classname="tests.unit.test_trimem_skhynix_scale_health" name="test_evaluation_hold_reference_and_filename_tamper_is_not_counted[experiment_bytes]" time="0.102" /><testcase classname="tests.unit.test_trimem_skhynix_scale_health" name="test_evaluation_hold_reference_and_filename_tamper_is_not_counted[filename]" time="0.104" /><testcase classname="tests.unit.test_trimem_skhynix_scale_health" name="test_missing_hold_still_counts_actual_completions_without_assuming_failure" time="0.107" /><testcase classname="tests.unit.test_trimem_skhynix_scale_health" name="test_finished_schedule_separates_official_completions_from_processed_holds" time="0.125" /><testcase classname="tests.unit.test_trimem_skhynix_scale_health" name="test_duplicate_completion_is_not_double_counted" time="0.113" /><testcase classname="tests.unit.test_trimem_skhynix_scale_health" name="test_completed_cell_cannot_also_be_held" time="0.113" /></testsuite></testsuites>