<?xml version="1.0" encoding="utf-8"?><testsuites><testsuite name="pytest" errors="0" failures="0" skipped="0" tests="21" time="11.251" timestamp="2026-09-20T17:38:38.340685" hostname="DESKTOP-LP27LTC"><testcase classname="tests.unit.test_trimem_skhynix_architecture_learning_recovery" name="test_clone_reuses_exact_original_evidence_and_real_gate_b_remains_required" time="0.823" /><testcase classname="tests.unit.test_trimem_skhynix_architecture_learning_recovery" name="test_destination_cannot_overwrite_or_enter_original_authority[existing]" time="0.405" /><testcase classname="tests.unit.test_trimem_skhynix_architecture_learning_recovery" name="test_destination_cannot_overwrite_or_enter_original_authority[same]" time="0.381" /><testcase classname="tests.unit.test_trimem_skhynix_architecture_learning_recovery" name="test_destination_cannot_overwrite_or_enter_original_authority[nested]" time="0.374" /><testcase classname="tests.unit.test_trimem_skhynix_architecture_learning_recovery" name="test_destination_cannot_overwrite_or_enter_original_authority[ancestor]" time="0.408" /><testcase classname="tests.unit.test_trimem_skhynix_architecture_learning_recovery" name="test_predecessor_tail_advancement_rejected_before_clone" time="0.409" /><testcase classname="tests.unit.test_trimem_skhynix_architecture_learning_recovery" name="test_changed_original_evidence_rejected[catalog.json]" time="0.383" /><testcase classname="tests.unit.test_trimem_skhynix_architecture_learning_recovery" name="test_changed_original_evidence_rejected[captures]" time="0.509" /><testcase classname="tests.unit.test_trimem_skhynix_architecture_learning_recovery" name="test_changed_original_evidence_rejected[state]" time="0.444" /><testcase classname="tests.unit.test_trimem_skhynix_architecture_learning_recovery" name="test_changed_original_evidence_rejected[reflection]" time="0.463" /><testcase classname="tests.unit.test_trimem_skhynix_architecture_learning_recovery" name="test_changed_original_evidence_rejected[proposal]" time="0.448" /><testcase classname="tests.unit.test_trimem_skhynix_architecture_learning_recovery" name="test_active_predecessor_lock_rejected_without_waiting[run]" time="0.421" /><testcase classname="tests.unit.test_trimem_skhynix_architecture_learning_recovery" name="test_active_predecessor_lock_rejected_without_waiting[learning]" time="0.419" /><testcase classname="tests.unit.test_trimem_skhynix_architecture_learning_recovery" name="test_active_predecessor_lock_rejected_without_waiting[operation]" time="0.436" /><testcase classname="tests.unit.test_trimem_skhynix_architecture_learning_recovery" name="test_unpublished_original_required" time="0.527" /><testcase classname="tests.unit.test_trimem_skhynix_architecture_learning_recovery" name="test_corrupt_sqlite_authority_is_not_laundered_by_copy" time="0.453" /><testcase classname="tests.unit.test_trimem_skhynix_architecture_learning_recovery" name="test_original_mutation_during_copy_prevents_completed_receipt" time="0.519" /><testcase classname="tests.unit.test_trimem_skhynix_architecture_learning_recovery" name="test_runtime_hash_binding_rejects_wrong_module" time="0.412" /><testcase classname="tests.unit.test_trimem_skhynix_architecture_learning_recovery" name="test_missing_captured_source_cannot_be_reclassified_as_complete" time="0.443" /><testcase classname="tests.unit.test_trimem_skhynix_architecture_learning_recovery" name="test_active_database_journal_is_rejected" time="0.560" /><testcase classname="tests.unit.test_trimem_skhynix_architecture_learning_recovery" name="test_request_receipt_binds_exact_clone_destination" time="0.385" /></testsuite></testsuites>