<?xml version="1.0" encoding="utf-8"?><testsuites><testsuite name="pytest" errors="0" failures="0" skipped="0" tests="27" time="10.555" timestamp="2026-09-20T17:54:30.231915" hostname="DESKTOP-LP27LTC"><testcase classname="tests.unit.test_trimem_skhynix_architecture_reflection_recovery" name="test_real_clone_publication_and_native_proposal_provenance_are_all_required" time="0.666" /><testcase classname="tests.unit.test_trimem_skhynix_architecture_reflection_recovery" name="test_recovery_rejects_omitted_groups_or_altered_provenance[omitted_group]" time="0.686" /><testcase classname="tests.unit.test_trimem_skhynix_architecture_reflection_recovery" name="test_recovery_rejects_omitted_groups_or_altered_provenance[wrong_capture]" time="0.606" /><testcase classname="tests.unit.test_trimem_skhynix_architecture_reflection_recovery" name="test_recovery_rejects_omitted_groups_or_altered_provenance[native_proof]" time="0.583" /><testcase classname="tests.unit.test_trimem_skhynix_architecture_reflection_recovery" name="test_recovery_rejects_omitted_groups_or_altered_provenance[official_outcomes]" time="0.542" /><testcase classname="tests.unit.test_trimem_skhynix_architecture_reflection_recovery" name="test_recovery_rejects_omitted_groups_or_altered_provenance[waive_gate]" time="0.653" /><testcase classname="tests.unit.test_trimem_skhynix_architecture_reflection_recovery" name="test_recovery_rejects_omitted_groups_or_altered_provenance[retry]" time="0.581" /><testcase classname="tests.unit.test_trimem_skhynix_architecture_reflection_recovery" name="test_recovery_rejects_omitted_groups_or_altered_provenance[count]" time="0.677" /><testcase classname="tests.unit.test_trimem_skhynix_architecture_reflection_recovery" name="test_changed_original_catalog_invalidates_recovery" time="0.529" /><testcase classname="tests.unit.test_trimem_skhynix_architecture_reflection_recovery" name="test_changed_discovery_events_invalidates_grouping" time="0.569" /><testcase classname="tests.unit.test_trimem_skhynix_architecture_reflection_recovery" name="test_publisher_effort_cannot_change_under_valid_new_reference" time="0.681" /><testcase classname="tests.unit.test_trimem_skhynix_architecture_reflection_recovery" name="test_evaluation_only_flow_retains_dev_then_paired_final_even_when_memory_hurts" time="0.013" /><testcase classname="tests.unit.test_trimem_skhynix_architecture_reflection_recovery" name="test_no_evaluation_action_when_gate_b_or_recovery_provenance_fails" time="0.004" /><testcase classname="tests.unit.test_trimem_skhynix_architecture_reflection_recovery" name="test_recovery_configuration_cannot_change_solver_or_experimental_authority[selection_policy]" time="0.001" /><testcase classname="tests.unit.test_trimem_skhynix_architecture_reflection_recovery" name="test_recovery_configuration_cannot_change_solver_or_experimental_authority[training_stages]" time="0.001" /><testcase classname="tests.unit.test_trimem_skhynix_architecture_reflection_recovery" name="test_recovery_configuration_cannot_change_solver_or_experimental_authority[helper_references]" time="0.001" /><testcase classname="tests.unit.test_trimem_skhynix_architecture_reflection_recovery" name="test_recovery_configuration_cannot_change_solver_or_experimental_authority[training_experiment_reference]" time="0.001" /><testcase classname="tests.unit.test_trimem_skhynix_architecture_reflection_recovery" name="test_recovery_configuration_cannot_change_solver_or_experimental_authority[grading_continuation_reference]" time="0.001" /><testcase classname="tests.unit.test_trimem_skhynix_architecture_reflection_recovery" name="test_previous_controller_is_explicitly_bound_without_replacing_solver_module" time="0.016" /><testcase classname="tests.unit.test_trimem_skhynix_architecture_reflection_recovery" name="test_unbound_or_incompatible_previous_controller_is_rejected" time="0.001" /><testcase classname="tests.unit.test_trimem_skhynix_architecture_reflection_recovery" name="test_clone_cannot_claim_another_source_root" time="0.540" /><testcase classname="tests.unit.test_trimem_skhynix_architecture_reflection_recovery" name="test_bound_previous_evaluator_keeps_common_solver_runtime_and_removes_training_hold[DEVELOPMENT_BASELINE]" time="0.014" /><testcase classname="tests.unit.test_trimem_skhynix_architecture_reflection_recovery" name="test_bound_previous_evaluator_keeps_common_solver_runtime_and_removes_training_hold[DEVELOPMENT_BANK]" time="0.014" /><testcase classname="tests.unit.test_trimem_skhynix_architecture_reflection_recovery" name="test_bound_previous_evaluator_keeps_common_solver_runtime_and_removes_training_hold[FINAL_EVALUATION]" time="0.014" /><testcase classname="tests.unit.test_trimem_skhynix_architecture_reflection_recovery" name="test_discovery_requires_authentic_tool_free_final_response_even_with_new_hashes[undeclared_tool]" time="0.576" /><testcase classname="tests.unit.test_trimem_skhynix_architecture_reflection_recovery" name="test_discovery_requires_authentic_tool_free_final_response_even_with_new_hashes[response]" time="0.590" /><testcase classname="tests.unit.test_trimem_skhynix_architecture_reflection_recovery" name="test_discovery_requires_authentic_tool_free_final_response_even_with_new_hashes[thread]" time="0.574" /></testsuite></testsuites>