<?xml version="1.0" encoding="utf-8"?><testsuites><testsuite name="pytest" errors="0" failures="0" skipped="0" tests="19" time="2.700" timestamp="2026-09-20T17:56:53.228719" hostname="DESKTOP-LP27LTC"><testcase classname="tests.unit.test_trimem_skhynix_architecture_semantic_publish" name="test_input_binding_accepts_exact_complete_native_discovery" time="0.042" /><testcase classname="tests.unit.test_trimem_skhynix_architecture_semantic_publish" name="test_all_four_groups_processed_even_after_rejection_with_one_actual_skill" time="0.119" /><testcase classname="tests.unit.test_trimem_skhynix_architecture_semantic_publish" name="test_all_empty_or_rejected_groups_return_honest_not_ready" time="0.104" /><testcase classname="tests.unit.test_trimem_skhynix_architecture_semantic_publish" name="test_top_level_ingestion_failure_retained_but_remaining_groups_processed" time="0.105" /><testcase classname="tests.unit.test_trimem_skhynix_architecture_semantic_publish" name="test_completed_reentry_never_relaunches_or_reingests" time="0.150" /><testcase classname="tests.unit.test_trimem_skhynix_architecture_semantic_publish" name="test_uncertain_native_start_is_never_retried[RuntimeError]" time="0.058" /><testcase classname="tests.unit.test_trimem_skhynix_architecture_semantic_publish" name="test_uncertain_native_start_is_never_retried[KeyboardInterrupt]" time="0.078" /><testcase classname="tests.unit.test_trimem_skhynix_architecture_semantic_publish" name="test_uncertain_ingestion_is_never_replayed" time="0.069" /><testcase classname="tests.unit.test_trimem_skhynix_architecture_semantic_publish" name="test_model_setting_change_fails_before_native_launch" time="0.044" /><testcase classname="tests.unit.test_trimem_skhynix_architecture_semantic_publish" name="test_native_grouping_response_requires_actual_final_message_binding[response]" time="0.028" /><testcase classname="tests.unit.test_trimem_skhynix_architecture_semantic_publish" name="test_native_grouping_response_requires_actual_final_message_binding[thread]" time="0.029" /><testcase classname="tests.unit.test_trimem_skhynix_architecture_semantic_publish" name="test_native_grouping_response_requires_actual_final_message_binding[hash]" time="0.030" /><testcase classname="tests.unit.test_trimem_skhynix_architecture_semantic_publish" name="test_frozen_operations_are_initialized_before_new_projection_import" time="0.030" /><testcase classname="tests.unit.test_trimem_skhynix_architecture_semantic_publish" name="test_changed_request_cannot_reuse_existing_output" time="0.105" /><testcase classname="tests.unit.test_trimem_skhynix_architecture_semantic_publish" name="test_discovery_mismatch_fails_before_native_execution[group_count]" time="0.031" /><testcase classname="tests.unit.test_trimem_skhynix_architecture_semantic_publish" name="test_discovery_mismatch_fails_before_native_execution[input_sha]" time="0.031" /><testcase classname="tests.unit.test_trimem_skhynix_architecture_semantic_publish" name="test_discovery_mismatch_fails_before_native_execution[unknown_candidate]" time="0.032" /><testcase classname="tests.unit.test_trimem_skhynix_architecture_semantic_publish" name="test_discovery_mismatch_fails_before_native_execution[same_owner]" time="0.034" /><testcase classname="tests.unit.test_trimem_skhynix_architecture_semantic_publish" name="test_discovery_mismatch_fails_before_native_execution[excluded_candidate]" time="0.043" /></testsuite></testsuites>