<?xml version="1.0" encoding="utf-8"?><testsuites><testsuite name="pytest" errors="0" failures="0" skipped="0" tests="77" time="5.138" timestamp="2026-09-20T18:11:57.478652" hostname="DESKTOP-LP27LTC"><testcase classname="tests.unit.test_trimem_skill_template_security" name="test_placeholder_metadata_is_not_a_raw_source_excerpt" time="0.041" /><testcase classname="tests.unit.test_trimem_skill_template_security" name="test_retained_native_group_one_template_has_only_placeholder_code_markers" time="0.001" /><testcase classname="tests.unit.test_trimem_skill_template_security" name="test_actual_nine_line_source_excerpt_still_requires_review_and_rejects_promotion[steps]" time="0.025" /><testcase classname="tests.unit.test_trimem_skill_template_security" name="test_actual_nine_line_source_excerpt_still_requires_review_and_rejects_promotion[subgoal_signature]" time="0.025" /><testcase classname="tests.unit.test_trimem_skill_template_security" name="test_actual_nine_line_source_excerpt_still_requires_review_and_rejects_promotion[preconditions]" time="0.024" /><testcase classname="tests.unit.test_trimem_skill_template_security" name="test_actual_nine_line_source_excerpt_still_requires_review_and_rejects_promotion[language]" time="0.024" /><testcase classname="tests.unit.test_trimem_skill_template_security" name="test_actual_nine_line_source_excerpt_still_requires_review_and_rejects_promotion[skill_id]" time="0.025" /><testcase classname="tests.unit.test_trimem_skill_template_security" name="test_eight_line_code_threshold_is_preserved[8-PASS]" time="0.001" /><testcase classname="tests.unit.test_trimem_skill_template_security" name="test_eight_line_code_threshold_is_preserved[9-REVIEW_SOURCE_EXCERPT]" time="0.000" /><testcase classname="tests.unit.test_trimem_skill_template_security" name="test_escaped_literal_code_braces_are_not_erased_as_placeholders" time="0.025" /><testcase classname="tests.unit.test_trimem_skill_template_security" name="test_all_raw_security_results_survive_typed_excerpt_classification[subgoal_signature-password = 'synthetic-only-password'-BLOCK_SECRET]" time="0.024" /><testcase classname="tests.unit.test_trimem_skill_template_security" name="test_all_raw_security_results_survive_typed_excerpt_classification[subgoal_signature-reviewer@example.invalid-BLOCK_PII]" time="0.026" /><testcase classname="tests.unit.test_trimem_skill_template_security" name="test_all_raw_security_results_survive_typed_excerpt_classification[subgoal_signature-aB3dE6gH9jK2mN5pQ8sT1vW4yZ7cF0iL-REVIEW_HIGH_ENTROPY]" time="0.025" /><testcase classname="tests.unit.test_trimem_skill_template_security" name="test_all_raw_security_results_survive_typed_excerpt_classification[language-password = 'synthetic-only-password'-BLOCK_SECRET]" time="0.023" /><testcase classname="tests.unit.test_trimem_skill_template_security" name="test_all_raw_security_results_survive_typed_excerpt_classification[language-reviewer@example.invalid-BLOCK_PII]" time="0.024" /><testcase classname="tests.unit.test_trimem_skill_template_security" name="test_all_raw_security_results_survive_typed_excerpt_classification[language-aB3dE6gH9jK2mN5pQ8sT1vW4yZ7cF0iL-REVIEW_HIGH_ENTROPY]" time="0.024" /><testcase classname="tests.unit.test_trimem_skill_template_security" name="test_all_raw_security_results_survive_typed_excerpt_classification[skill_id-password = 'synthetic-only-password'-BLOCK_SECRET]" time="0.024" /><testcase classname="tests.unit.test_trimem_skill_template_security" name="test_all_raw_security_results_survive_typed_excerpt_classification[skill_id-reviewer@example.invalid-BLOCK_PII]" time="0.024" /><testcase classname="tests.unit.test_trimem_skill_template_security" name="test_all_raw_security_results_survive_typed_excerpt_classification[skill_id-aB3dE6gH9jK2mN5pQ8sT1vW4yZ7cF0iL-REVIEW_HIGH_ENTROPY]" time="0.024" /><testcase classname="tests.unit.test_trimem_skill_template_security" name="test_typed_excerpt_fix_does_not_waive_gate_b_support_requirements[override0]" time="0.025" /><testcase classname="tests.unit.test_trimem_skill_template_security" name="test_typed_excerpt_fix_does_not_waive_gate_b_support_requirements[override1]" time="0.025" /><testcase classname="tests.unit.test_trimem_skill_template_security" name="test_typed_excerpt_fix_does_not_waive_gate_b_support_requirements[override2]" time="0.024" /><testcase classname="tests.unit.test_trimem_skill_template_security" name="test_typed_excerpt_fix_does_not_waive_gate_b_support_requirements[override3]" time="0.024" /><testcase classname="tests.unit.test_trimem_skill_template_security" name="test_typed_excerpt_fix_does_not_waive_gate_b_support_requirements[override4]" time="0.024" /><testcase classname="tests.unit.test_trimem_skill_template_security" name="test_typed_excerpt_fix_does_not_waive_gate_b_support_requirements[override5]" time="0.025" /><testcase classname="tests.unit.test_trimem_skill_template_security" name="test_generic_raw_scanner_is_unchanged_by_typed_template_scan" time="0.001" /><testcase classname="tests.unit.test_trimem_skill_template_security" name="test_actual_red_edit_green_adapter_still_required_and_can_promote" time="0.365" /><testcase classname="tests.unit.test_trimem_skill_template_security" name="test_architecture_requires_green_even_when_typed_security_passes" time="0.330" /><testcase classname="tests.unit.test_trimem_skill_template_security" name="test_attack_instruction_cannot_replace_required_architecture_precondition" time="0.318" /><testcase classname="tests.unit.test_trimem_skill_template_security" name="test_attack_action_cannot_be_invented_as_an_observed_procedure" time="0.332" /><testcase classname="tests.unit.test_trimem_skill_memory" name="test_gate_a_keeps_successes_and_failed_attempts_private" time="0.025" /><testcase classname="tests.unit.test_trimem_skill_memory" name="test_gate_a_restart_is_idempotent_and_preserves_first_timestamp" time="0.026" /><testcase classname="tests.unit.test_trimem_skill_memory" name="test_private_artifact_links_survive_restart_and_are_absent_from_skill_view" time="0.033" /><testcase classname="tests.unit.test_trimem_skill_memory" name="test_private_artifact_links_require_unique_labels_and_canonical_hashes[artifacts0]" time="0.000" /><testcase classname="tests.unit.test_trimem_skill_memory" name="test_private_artifact_links_require_unique_labels_and_canonical_hashes[artifacts1]" time="0.000" /><testcase classname="tests.unit.test_trimem_skill_memory" name="test_private_artifact_links_require_unique_labels_and_canonical_hashes[artifacts2]" time="0.000" /><testcase classname="tests.unit.test_trimem_skill_memory" name="test_private_artifact_links_require_unique_labels_and_canonical_hashes[artifacts3]" time="0.000" /><testcase classname="tests.unit.test_trimem_skill_memory" name="test_gate_b_promotes_exact_parameterised_pattern_without_private_evidence" time="0.029" /><testcase classname="tests.unit.test_trimem_skill_memory" name="test_gate_b_rejects_non_independent_or_unbound_support[change0]" time="0.026" /><testcase classname="tests.unit.test_trimem_skill_memory" name="test_gate_b_rejects_non_independent_or_unbound_support[change1]" time="0.025" /><testcase classname="tests.unit.test_trimem_skill_memory" name="test_gate_b_rejects_non_independent_or_unbound_support[change2]" time="0.024" /><testcase classname="tests.unit.test_trimem_skill_memory" name="test_gate_b_rejects_non_independent_or_unbound_support[change3]" time="0.024" /><testcase classname="tests.unit.test_trimem_skill_memory" name="test_gate_b_rejects_non_independent_or_unbound_support[change4]" time="0.024" /><testcase classname="tests.unit.test_trimem_skill_memory" name="test_gate_b_rejects_non_independent_or_unbound_support[change5]" time="0.024" /><testcase classname="tests.unit.test_trimem_skill_memory" name="test_gate_b_rejects_non_independent_or_unbound_support[change6]" time="0.024" /><testcase classname="tests.unit.test_trimem_skill_memory" name="test_gate_b_rejects_non_independent_or_unbound_support[change7]" time="0.023" /><testcase classname="tests.unit.test_trimem_skill_memory" name="test_gate_b_rejects_non_independent_or_unbound_support[change8]" time="0.024" /><testcase classname="tests.unit.test_trimem_skill_memory" name="test_gate_b_rejects_non_independent_or_unbound_support[change9]" time="0.024" /><testcase classname="tests.unit.test_trimem_skill_memory" name="test_repeating_one_episode_cannot_inflate_support" time="0.022" /><testcase classname="tests.unit.test_trimem_skill_memory" name="test_gate_b_cannot_read_evidence_across_organisations" time="0.024" /><testcase classname="tests.unit.test_trimem_skill_memory" name="test_gate_b_rejects_unparameterised_private_instances[normalize private-user-1@example.org extension matching]" time="0.024" /><testcase classname="tests.unit.test_trimem_skill_memory" name="test_gate_b_rejects_unparameterised_private_instances[normalize private-team/first-repository extension matching]" time="0.024" /><testcase classname="tests.unit.test_trimem_skill_memory" name="test_gate_b_rejects_unparameterised_private_instances[normalize src/private_1.py extension matching]" time="0.025" /><testcase classname="tests.unit.test_trimem_skill_memory" name="test_procedure_requires_structured_fully_declared_parameters[changes0]" time="0.000" /><testcase classname="tests.unit.test_trimem_skill_memory" name="test_procedure_requires_structured_fully_declared_parameters[changes1]" time="0.000" /><testcase classname="tests.unit.test_trimem_skill_memory" name="test_procedure_requires_structured_fully_declared_parameters[changes2]" time="0.000" /><testcase classname="tests.unit.test_trimem_skill_memory" name="test_procedure_requires_structured_fully_declared_parameters[changes3]" time="0.000" /><testcase classname="tests.unit.test_trimem_skill_memory" name="test_procedure_requires_structured_fully_declared_parameters[changes4]" time="0.000" /><testcase classname="tests.unit.test_trimem_skill_memory" name="test_procedure_requires_structured_fully_declared_parameters[changes5]" time="0.000" /><testcase classname="tests.unit.test_trimem_skill_memory" name="test_procedure_requires_structured_fully_declared_parameters[changes6]" time="0.000" /><testcase classname="tests.unit.test_trimem_skill_memory" name="test_procedure_requires_structured_fully_declared_parameters[changes7]" time="0.000" /><testcase classname="tests.unit.test_trimem_skill_memory" name="test_procedure_requires_structured_fully_declared_parameters[changes8]" time="0.000" /><testcase classname="tests.unit.test_trimem_skill_memory" name="test_procedure_requires_structured_fully_declared_parameters[changes9]" time="0.000" /><testcase classname="tests.unit.test_trimem_skill_memory" name="test_render_is_data_only_and_requires_exact_bindings" time="0.026" /><testcase classname="tests.unit.test_trimem_skill_memory" name="test_repo_knowledge_and_edges_are_team_shared_revision_bound" time="0.028" /><testcase classname="tests.unit.test_trimem_skill_memory" name="test_skill_language_and_current_repository_revision_filter" time="0.027" /><testcase classname="tests.unit.test_trimem_skill_memory" name="test_hard_invalidation_persists_and_stale_evidence_cannot_repromote" time="0.036" /><testcase classname="tests.unit.test_trimem_skill_memory" name="test_explicit_revocation_is_scoped_permanent_and_changes_snapshot" time="0.030" /><testcase classname="tests.unit.test_trimem_skill_memory" name="test_canonical_corruption_and_partition_index_tampering_fail_closed" time="0.025" /><testcase classname="tests.unit.test_trimem_skill_memory" name="test_private_support_join_is_bound_to_skill_hash" time="0.033" /><testcase classname="tests.unit.test_trimem_skill_memory" name="test_public_identifier_and_raw_source_are_also_scanned" time="0.025" /><testcase classname="tests.unit.test_trimem_skill_memory" name="test_malformed_gate_a_evidence_cannot_enter_authority[changes0]" time="0.000" /><testcase classname="tests.unit.test_trimem_skill_memory" name="test_malformed_gate_a_evidence_cannot_enter_authority[changes1]" time="0.000" /><testcase classname="tests.unit.test_trimem_skill_memory" name="test_malformed_gate_a_evidence_cannot_enter_authority[changes2]" time="0.000" /><testcase classname="tests.unit.test_trimem_skill_memory" name="test_malformed_gate_a_evidence_cannot_enter_authority[changes3]" time="0.000" /><testcase classname="tests.unit.test_trimem_skill_memory" name="test_malformed_gate_a_evidence_cannot_enter_authority[changes4]" time="0.000" /><testcase classname="tests.unit.test_trimem_skill_memory" name="test_unknown_schema_version_cannot_be_opened" time="0.004" /></testsuite></testsuites>