<?xml version="1.0" encoding="utf-8"?><testsuites><testsuite name="pytest" errors="0" failures="0" skipped="0" tests="41" time="5.797" timestamp="2026-09-16T12:57:17.929775" hostname="DESKTOP-LP27LTC"><testcase classname="tests.unit.test_trimem_skhynix_architecture_scale_runtime" name="test_exact_population_and_arms_are_derived_not_caller_selected[120-TRAINING_INCREMENT-96-arms0-training-024]" time="0.100" /><testcase classname="tests.unit.test_trimem_skhynix_architecture_scale_runtime" name="test_exact_population_and_arms_are_derived_not_caller_selected[240-TRAINING_INCREMENT-120-arms1-training-120]" time="0.096" /><testcase classname="tests.unit.test_trimem_skhynix_architecture_scale_runtime" name="test_exact_population_and_arms_are_derived_not_caller_selected[24-DEVELOPMENT_BASELINE-60-arms2-evaluation-development-000]" time="0.086" /><testcase classname="tests.unit.test_trimem_skhynix_architecture_scale_runtime" name="test_exact_population_and_arms_are_derived_not_caller_selected[24-DEVELOPMENT_BANK-60-arms3-evaluation-development-000]" time="0.048" /><testcase classname="tests.unit.test_trimem_skhynix_architecture_scale_runtime" name="test_exact_population_and_arms_are_derived_not_caller_selected[120-DEVELOPMENT_BANK-60-arms4-evaluation-development-000]" time="0.045" /><testcase classname="tests.unit.test_trimem_skhynix_architecture_scale_runtime" name="test_exact_population_and_arms_are_derived_not_caller_selected[240-FINAL_EVALUATION-500-arms5-evaluation-final-000]" time="0.122" /><testcase classname="tests.unit.test_trimem_skhynix_architecture_scale_runtime" name="test_scaled_dataset_without_new_authority_cannot_weaken_legacy_count_guard" time="0.016" /><testcase classname="tests.unit.test_trimem_skhynix_architecture_scale_runtime" name="test_self_consistent_authority_hash_cannot_change_exact_increment[task_ids-value0]" time="0.019" /><testcase classname="tests.unit.test_trimem_skhynix_architecture_scale_runtime" name="test_self_consistent_authority_hash_cannot_change_exact_increment[arms-value1]" time="0.018" /><testcase classname="tests.unit.test_trimem_skhynix_architecture_scale_runtime" name="test_self_consistent_authority_hash_cannot_change_exact_increment[cumulative_training_count-24]" time="0.017" /><testcase classname="tests.unit.test_trimem_skhynix_architecture_scale_runtime" name="test_scaled_runtime_keeps_exact_high_model_and_task_budgets[reasoning_effort-ultra]" time="0.016" /><testcase classname="tests.unit.test_trimem_skhynix_architecture_scale_runtime" name="test_scaled_runtime_keeps_exact_high_model_and_task_budgets[model-different]" time="0.016" /><testcase classname="tests.unit.test_trimem_skhynix_architecture_scale_runtime" name="test_scaled_runtime_keeps_exact_high_model_and_task_budgets[authentication-API]" time="0.016" /><testcase classname="tests.unit.test_trimem_skhynix_architecture_scale_runtime" name="test_scaled_runtime_keeps_exact_high_model_and_task_budgets[limits-value3]" time="0.016" /><testcase classname="tests.unit.test_trimem_skhynix_architecture_scale_runtime" name="test_scaled_runtime_keeps_exact_high_model_and_task_budgets[limits-value4]" time="0.016" /><testcase classname="tests.unit.test_trimem_skhynix_architecture_scale_runtime" name="test_direct_prepare_rejects_old_training_and_other_arms_before_environment[training-000-PDF_MEMORY]" time="0.641" /><testcase classname="tests.unit.test_trimem_skhynix_architecture_scale_runtime" name="test_direct_prepare_rejects_old_training_and_other_arms_before_environment[training-024-BASELINE]" time="0.019" /><testcase classname="tests.unit.test_trimem_skhynix_architecture_scale_runtime" name="test_direct_prepare_rejects_old_training_and_other_arms_before_environment[evaluation-final-000-PDF_MEMORY]" time="0.020" /><testcase classname="tests.unit.test_trimem_skhynix_architecture_scale_runtime" name="test_development_baseline_is_bank_free_and_cannot_be_repeated_as_later_stage" time="0.017" /><testcase classname="tests.unit.test_trimem_skhynix_architecture_scale_runtime" name="test_development_c_requires_its_exact_bank_and_entire_sixty" time="0.026" /><testcase classname="tests.unit.test_trimem_skhynix_architecture_scale_runtime" name="test_original24_remainder_preserves_ambiguous_attempt_and_schedules_only_six" time="0.314" /><testcase classname="tests.unit.test_trimem_skhynix_architecture_scale_runtime" name="test_missing_module_adoption_retains_unscored_terminal_source_only[None]" time="0.168" /><testcase classname="tests.unit.test_trimem_skhynix_architecture_scale_runtime" name="test_missing_module_adoption_retains_unscored_terminal_source_only[nonterminal]" time="0.145" /><testcase classname="tests.unit.test_trimem_skhynix_architecture_scale_runtime" name="test_missing_module_adoption_retains_unscored_terminal_source_only[wrong_reason]" time="0.146" /><testcase classname="tests.unit.test_trimem_skhynix_architecture_scale_runtime" name="test_missing_module_adoption_retains_unscored_terminal_source_only[wrong_instance]" time="0.144" /><testcase classname="tests.unit.test_trimem_skhynix_architecture_scale_runtime" name="test_missing_module_adoption_retains_unscored_terminal_source_only[scored]" time="0.144" /><testcase classname="tests.unit.test_trimem_skhynix_architecture_scale_runtime" name="test_missing_module_adoption_retains_unscored_terminal_source_only[wrong_path]" time="0.144" /><testcase classname="tests.unit.test_trimem_skhynix_architecture_scale_runtime" name="test_missing_module_adoption_retains_unscored_terminal_source_only[boolean_count]" time="0.161" /><testcase classname="tests.unit.test_trimem_skhynix_architecture_scale_runtime" name="test_remainder_adoption_rejects_unproven_or_relabelled_sources[duplicate]" time="0.128" /><testcase classname="tests.unit.test_trimem_skhynix_architecture_scale_runtime" name="test_remainder_adoption_rejects_unproven_or_relabelled_sources[audit]" time="0.135" /><testcase classname="tests.unit.test_trimem_skhynix_architecture_scale_runtime" name="test_remainder_adoption_rejects_unproven_or_relabelled_sources[patch]" time="0.127" /><testcase classname="tests.unit.test_trimem_skhynix_architecture_scale_runtime" name="test_remainder_adoption_rejects_unproven_or_relabelled_sources[ambiguous_score]" time="0.143" /><testcase classname="tests.unit.test_trimem_skhynix_architecture_scale_runtime" name="test_remainder_adoption_rejects_unproven_or_relabelled_sources[count]" time="0.141" /><testcase classname="tests.unit.test_trimem_skhynix_architecture_scale_runtime" name="test_remainder_adoption_rejects_unproven_or_relabelled_sources[membership]" time="0.127" /><testcase classname="tests.unit.test_trimem_skhynix_architecture_scale_runtime" name="test_bank_scope_requires_full_union_and_exact_cumulative_sources" time="0.074" /><testcase classname="tests.unit.test_trimem_skhynix_architecture_scale_runtime" name="test_direct_scale_bank_authority_rejects_incomplete_or_cross_scope_memory[training_subset]" time="0.018" /><testcase classname="tests.unit.test_trimem_skhynix_architecture_scale_runtime" name="test_direct_scale_bank_authority_rejects_incomplete_or_cross_scope_memory[dev_only]" time="0.016" /><testcase classname="tests.unit.test_trimem_skhynix_architecture_scale_runtime" name="test_direct_scale_bank_authority_rejects_incomplete_or_cross_scope_memory[quarantine]" time="0.018" /><testcase classname="tests.unit.test_trimem_skhynix_architecture_scale_runtime" name="test_direct_scale_bank_authority_rejects_incomplete_or_cross_scope_memory[no_skill]" time="0.017" /><testcase classname="tests.unit.test_trimem_skhynix_architecture_scale_runtime" name="test_direct_scale_bank_authority_rejects_incomplete_or_cross_scope_memory[organisation]" time="0.022" /><testcase classname="tests.unit.test_trimem_skhynix_architecture_scale_runtime" name="test_adoption_cannot_use_old_task_under_new_increment_configuration" time="0.031" /></testsuite></testsuites>