<?xml version="1.0" encoding="utf-8"?><testsuites><testsuite name="pytest" errors="0" failures="0" skipped="0" tests="62" time="3.051" timestamp="2026-09-20T17:51:17.213145" hostname="DESKTOP-LP27LTC"><testcase classname="tests.unit.test_trimem_skhynix_semantic_reflection_evidence" name="test_real_requests_are_preserved_as_diffs_without_certification" time="0.035" /><testcase classname="tests.unit.test_trimem_skhynix_semantic_reflection_evidence" name="test_changed_referenced_bytes_are_rejected[index]" time="0.001" /><testcase classname="tests.unit.test_trimem_skhynix_semantic_reflection_evidence" name="test_changed_referenced_bytes_are_rejected[capture]" time="0.001" /><testcase classname="tests.unit.test_trimem_skhynix_semantic_reflection_evidence" name="test_changed_referenced_bytes_are_rejected[plan]" time="0.001" /><testcase classname="tests.unit.test_trimem_skhynix_semantic_reflection_evidence" name="test_index_cannot_override_source_metadata[task_id]" time="0.001" /><testcase classname="tests.unit.test_trimem_skhynix_semantic_reflection_evidence" name="test_index_cannot_override_source_metadata[owner]" time="0.001" /><testcase classname="tests.unit.test_trimem_skhynix_semantic_reflection_evidence" name="test_index_cannot_override_source_metadata[subgoal]" time="0.001" /><testcase classname="tests.unit.test_trimem_skhynix_semantic_reflection_evidence" name="test_existing_source_guards_fail_closed[tool]" time="0.001" /><testcase classname="tests.unit.test_trimem_skhynix_semantic_reflection_evidence" name="test_existing_source_guards_fail_closed[arguments]" time="0.003" /><testcase classname="tests.unit.test_trimem_skhynix_semantic_reflection_evidence" name="test_existing_source_guards_fail_closed[phase]" time="0.002" /><testcase classname="tests.unit.test_trimem_skhynix_semantic_reflection_evidence" name="test_existing_source_guards_fail_closed[command]" time="0.001" /><testcase classname="tests.unit.test_trimem_skhynix_semantic_reflection_evidence" name="test_existing_source_guards_fail_closed[official]" time="0.002" /><testcase classname="tests.unit.test_trimem_skhynix_semantic_reflection_evidence" name="test_complete_plan_and_observed_window_must_be_proven[missing_candidate]" time="0.001" /><testcase classname="tests.unit.test_trimem_skhynix_semantic_reflection_evidence" name="test_complete_plan_and_observed_window_must_be_proven[missing_edit]" time="0.001" /><testcase classname="tests.unit.test_trimem_skhynix_semantic_reflection_evidence" name="test_complete_plan_and_observed_window_must_be_proven[reordered_edits]" time="0.001" /><testcase classname="tests.unit.test_trimem_skhynix_semantic_reflection_evidence" name="test_complete_plan_and_observed_window_must_be_proven[duplicate_edit]" time="0.001" /><testcase classname="tests.unit.test_trimem_skhynix_semantic_reflection_evidence" name="test_complete_plan_and_observed_window_must_be_proven[repository]" time="0.001" /><testcase classname="tests.unit.test_trimem_skhynix_semantic_reflection_evidence" name="test_complete_plan_and_observed_window_must_be_proven[capture_id]" time="0.001" /><testcase classname="tests.unit.test_trimem_skhynix_semantic_reflection_evidence" name="test_complete_plan_and_observed_window_must_be_proven[not_red]" time="0.001" /><testcase classname="tests.unit.test_trimem_skhynix_semantic_reflection_evidence" name="test_complete_plan_and_observed_window_must_be_proven[not_green]" time="0.001" /><testcase classname="tests.unit.test_trimem_skhynix_semantic_reflection_evidence" name="test_complete_plan_and_observed_window_must_be_proven[duplicate_candidate]" time="0.001" /><testcase classname="tests.unit.test_trimem_skhynix_semantic_reflection_evidence" name="test_complete_plan_and_observed_window_must_be_proven[declared_count]" time="0.001" /><testcase classname="tests.unit.test_trimem_skhynix_semantic_reflection_evidence" name="test_complete_plan_and_observed_window_must_be_proven[edit_status]" time="0.001" /><testcase classname="tests.unit.test_trimem_skhynix_semantic_reflection_evidence" name="test_complete_plan_and_observed_window_must_be_proven[edit_result]" time="0.001" /><testcase classname="tests.unit.test_trimem_skhynix_semantic_reflection_evidence" name="test_rebound_source_still_needs_a_valid_complete_checkpoint[test_edit]" time="0.002" /><testcase classname="tests.unit.test_trimem_skhynix_semantic_reflection_evidence" name="test_rebound_source_still_needs_a_valid_complete_checkpoint[wrong_node]" time="0.001" /><testcase classname="tests.unit.test_trimem_skhynix_semantic_reflection_evidence" name="test_rebound_source_still_needs_a_valid_complete_checkpoint[later_mutation]" time="0.001" /><testcase classname="tests.unit.test_trimem_skhynix_semantic_reflection_evidence" name="test_rebound_source_still_needs_a_valid_complete_checkpoint[intervening_command]" time="0.001" /><testcase classname="tests.unit.test_trimem_skhynix_semantic_reflection_evidence" name="test_rebound_source_still_needs_a_valid_complete_checkpoint[duplicate_step]" time="0.001" /><testcase classname="tests.unit.test_trimem_skhynix_semantic_reflection_evidence" name="test_rebound_source_still_needs_a_valid_complete_checkpoint[payload_hash]" time="0.001" /><testcase classname="tests.unit.test_trimem_skhynix_semantic_reflection_evidence" name="test_failed_attempt_is_retained_with_its_error_not_presented_as_success" time="0.002" /><testcase classname="tests.unit.test_trimem_skhynix_semantic_reflection_evidence" name="test_native_adapter_binds_actual_final_and_leaves_publication_to_verifier" time="0.015" /><testcase classname="tests.unit.test_trimem_skhynix_semantic_reflection_evidence" name="test_native_adapter_rejects_unbound_or_tool_using_response[saved_final]" time="0.010" /><testcase classname="tests.unit.test_trimem_skhynix_semantic_reflection_evidence" name="test_native_adapter_rejects_unbound_or_tool_using_response[input_binding]" time="0.010" /><testcase classname="tests.unit.test_trimem_skhynix_semantic_reflection_evidence" name="test_native_adapter_rejects_unbound_or_tool_using_response[tool_event]" time="0.010" /><testcase classname="tests.unit.test_trimem_skhynix_semantic_reflection" name="test_candidate_groups_are_unverified_and_every_source_is_accounted" time="0.000" /><testcase classname="tests.unit.test_trimem_skhynix_semantic_reflection" name="test_wrong_evidence_binding_and_nondependent_support_fail[input]" time="0.000" /><testcase classname="tests.unit.test_trimem_skhynix_semantic_reflection" name="test_wrong_evidence_binding_and_nondependent_support_fail[unknown]" time="0.000" /><testcase classname="tests.unit.test_trimem_skhynix_semantic_reflection" name="test_wrong_evidence_binding_and_nondependent_support_fail[missing]" time="0.000" /><testcase classname="tests.unit.test_trimem_skhynix_semantic_reflection" name="test_wrong_evidence_binding_and_nondependent_support_fail[same_task]" time="0.000" /><testcase classname="tests.unit.test_trimem_skhynix_semantic_reflection" name="test_wrong_evidence_binding_and_nondependent_support_fail[same_owner]" time="0.000" /><testcase classname="tests.unit.test_trimem_skhynix_semantic_reflection" name="test_wrong_evidence_binding_and_nondependent_support_fail[duplicate]" time="0.000" /><testcase classname="tests.unit.test_trimem_skhynix_semantic_reflection" name="test_wrong_evidence_binding_and_nondependent_support_fail[both]" time="0.000" /><testcase classname="tests.unit.test_trimem_skhynix_semantic_reflection" name="test_honest_empty_discovery_is_allowed_with_source_accounting" time="0.000" /><testcase classname="tests.unit.test_trimem_skhynix_architecture_publisher" name="test_reflection_has_no_mcp_or_host_tools_and_is_fresh[ultra]" time="0.003" /><testcase classname="tests.unit.test_trimem_skhynix_architecture_publisher" name="test_reflection_has_no_mcp_or_host_tools_and_is_fresh[high]" time="0.003" /><testcase classname="tests.unit.test_trimem_skhynix_architecture_publisher" name="test_reflection_rejects_tools_reused_context_and_failed_turns[event0]" time="0.000" /><testcase classname="tests.unit.test_trimem_skhynix_architecture_publisher" name="test_reflection_rejects_tools_reused_context_and_failed_turns[event1]" time="0.000" /><testcase classname="tests.unit.test_trimem_skhynix_architecture_publisher" name="test_reflection_rejects_tools_reused_context_and_failed_turns[event2]" time="0.000" /><testcase classname="tests.unit.test_trimem_skhynix_architecture_publisher" name="test_reflection_rejects_tools_reused_context_and_failed_turns[event3]" time="0.000" /><testcase classname="tests.unit.test_trimem_skhynix_architecture_publisher" name="test_native_response_launch_and_public_input_are_bound[ultra]" time="0.006" /><testcase classname="tests.unit.test_trimem_skhynix_architecture_publisher" name="test_native_response_launch_and_public_input_are_bound[high]" time="0.006" /><testcase classname="tests.unit.test_trimem_skhynix_architecture_publisher" name="test_changed_proposal_file_cannot_borrow_a_real_native_thread" time="0.005" /><testcase classname="tests.unit.test_trimem_skhynix_architecture_publisher" name="test_invalid_public_input_or_configuration_is_rejected[hash]" time="0.001" /><testcase classname="tests.unit.test_trimem_skhynix_architecture_publisher" name="test_invalid_public_input_or_configuration_is_rejected[reflection_sha]" time="0.006" /><testcase classname="tests.unit.test_trimem_skhynix_architecture_publisher" name="test_invalid_public_input_or_configuration_is_rejected[cap]" time="0.003" /><testcase classname="tests.unit.test_trimem_skhynix_architecture_publisher" name="test_invalid_public_input_or_configuration_is_rejected[private]" time="0.001" /><testcase classname="tests.unit.test_trimem_skhynix_architecture_publisher" name="test_invalid_public_input_or_configuration_is_rejected[effort]" time="0.001" /><testcase classname="tests.unit.test_trimem_skhynix_architecture_publisher" name="test_bad_turn_sequence_or_error_never_receives_completion[&lt;lambda&gt;0]" time="0.006" /><testcase classname="tests.unit.test_trimem_skhynix_architecture_publisher" name="test_bad_turn_sequence_or_error_never_receives_completion[&lt;lambda&gt;1]" time="0.005" /><testcase classname="tests.unit.test_trimem_skhynix_architecture_publisher" name="test_bad_turn_sequence_or_error_never_receives_completion[&lt;lambda&gt;2]" time="0.006" /><testcase classname="tests.unit.test_trimem_skhynix_architecture_publisher" name="test_bad_turn_sequence_or_error_never_receives_completion[&lt;lambda&gt;3]" time="0.005" /></testsuite></testsuites>