<?xml version="1.0" encoding="utf-8"?><testsuites name="pytest tests"><testsuite name="pytest" errors="0" failures="0" skipped="0" tests="21" time="43.223" timestamp="2026-09-24T14:50:15.294635+09:00" hostname="DESKTOP-LP27LTC"><testcase classname="tests.unit.test_lcb_transfer_results" name="test_l1_failure_flag_is_not_official_wrong_answer" time="0.001" /><testcase classname="tests.unit.test_lcb_transfer_results" name="test_matching_fail_is_distinct_from_no_matching_final_test" time="0.000" /><testcase classname="tests.unit.test_lcb_transfer_results" name="test_public_payload_tamper_fails_before_counts" time="0.000" /><testcase classname="tests.unit.test_lcb_transfer_results" name="test_all80_denominator_and_infrastructure_null_are_preserved" time="0.000" /><testcase classname="tests.unit.test_lcb_transfer_results" name="test_ungraded_boolean_is_not_accepted_as_official_result" time="0.000" /><testcase classname="tests.unit.test_lcb_transfer_results" name="test_nonterminal_and_postgate_cells_reject_publication" time="0.000" /><testcase classname="tests.unit.test_lcb_transfer_results" name="test_reference_tampering_is_rejected" time="0.022" /><testcase classname="tests.unit.test_deveval_repository_results" name="test_completed_audit_preserves_paired_denominators_and_reports_generated_failure_mechanism" time="2.891" /><testcase classname="tests.unit.test_deveval_repository_results" name="test_report_contains_only_metadata_and_publishing_does_not_modify_run" time="7.599" /><testcase classname="tests.unit.test_deveval_repository_results" name="test_nonterminal_summaries_cannot_publish[COLLECTING]" time="2.416" /><testcase classname="tests.unit.test_deveval_repository_results" name="test_nonterminal_summaries_cannot_publish[HELD]" time="2.514" /><testcase classname="tests.unit.test_deveval_repository_results" name="test_nonterminal_summaries_cannot_publish[GRADING]" time="2.283" /><testcase classname="tests.unit.test_deveval_repository_results" name="test_manager_lock_must_be_released_before_publication" time="2.400" /><testcase classname="tests.unit.test_deveval_repository_results" name="test_changed_evidence_cannot_be_published[source]" time="2.386" /><testcase classname="tests.unit.test_deveval_repository_results" name="test_changed_evidence_cannot_be_published[events]" time="2.541" /><testcase classname="tests.unit.test_deveval_repository_results" name="test_changed_evidence_cannot_be_published[generated_receipt]" time="2.487" /><testcase classname="tests.unit.test_deveval_repository_results" name="test_changed_evidence_cannot_be_published[grade_request]" time="4.740" /><testcase classname="tests.unit.test_deveval_repository_results" name="test_summary_cannot_convert_unresolved_trial_to_pass" time="5.581" /><testcase classname="tests.unit.test_deveval_repository_results" name="test_missing_arm_is_not_silently_removed_from_pairs" time="2.435" /><testcase classname="tests.unit.test_deveval_repository_results" name="test_publication_cannot_overwrite_any_primary_run_artifact" time="2.369" /><testcase classname="tests.unit.test_deveval_repository_results" name="test_reported_usage_filters_non_numeric_fields_and_preserves_nested_token_counts" time="0.001" /></testsuite></testsuites>